[2026-03-27 03:07:35Z INFO HostContext] No proxy settings were found based on environmental variables (http_proxy/https_proxy/HTTP_PROXY/HTTPS_PROXY)
[2026-03-27 03:07:35Z INFO HostContext] Well known directory 'Bin': 'D:\Users\GABRIEL PEÑA\source\repos\Tarea11\actions-runner\bin'
[2026-03-27 03:07:35Z INFO HostContext] Well known directory 'Root': 'D:\Users\GABRIEL PEÑA\source\repos\Tarea11\actions-runner'
[2026-03-27 03:07:35Z INFO HostContext] Well known config file 'Credentials': 'D:\Users\GABRIEL PEÑA\source\repos\Tarea11\actions-runner\.credentials'
[2026-03-27 03:07:35Z INFO HostContext] Well known directory 'Bin': 'D:\Users\GABRIEL PEÑA\source\repos\Tarea11\actions-runner\bin'
[2026-03-27 03:07:35Z INFO HostContext] Well known directory 'Root': 'D:\Users\GABRIEL PEÑA\source\repos\Tarea11\actions-runner'
[2026-03-27 03:07:35Z INFO HostContext] Well known config file 'Runner': 'D:\Users\GABRIEL PEÑA\source\repos\Tarea11\actions-runner\.runner'
[2026-03-27 03:07:35Z INFO Worker] Version: 2.333.0
[2026-03-27 03:07:35Z INFO Worker] Commit: 8d231aaf863e5fcdd02d35bdfda369feafd08adb
[2026-03-27 03:07:35Z INFO Worker] Culture: en-US
[2026-03-27 03:07:35Z INFO Worker] UI Culture: en-US
[2026-03-27 03:07:35Z INFO Worker] Waiting to receive the job message from the channel.
[2026-03-27 03:07:35Z INFO ProcessChannel] Receiving message of length 20236, with hash 'a045f294488a1e156d84eb83e669b6ab7f6639ba0548968c35c7dd262f15761a'
[2026-03-27 03:07:35Z INFO Worker] Message received.
[2026-03-27 03:07:35Z INFO Worker] Job message:
 {
  "environmentVariables": [
    {
      "type": 2,
      "file": 1,
      "line": 8,
      "col": 3,
      "map": [
        {
          "key": {
            "type": 0,
            "file": 1,
            "line": 8,
            "col": 3,
            "lit": "DOTNET_VERSION"
          },
          "value": {
            "type": 0,
            "file": 1,
            "line": 8,
            "col": 19,
            "lit": "8.0.x"
          }
        },
        {
          "key": {
            "type": 0,
            "file": 1,
            "line": 9,
            "col": 3,
            "lit": "BUILD_CONFIGURATION"
          },
          "value": {
            "type": 0,
            "file": 1,
            "line": 9,
            "col": 24,
            "lit": "Release"
          }
        }
      ]
    }
  ],
  "fileTable": [
    ".github/workflows/ci-cd.yml"
  ],
  "mask": [
    {
      "type": "regex",
      "value": "***"
    },
    {
      "type": "regex",
      "value": "***"
    },
    {
      "type": "regex",
      "value": "***"
    },
    {
      "type": "regex",
      "value": "***"
    },
    {
      "type": "regex",
      "value": "***"
    },
    {
      "type": "regex",
      "value": "***"
    },
    {
      "type": "regex",
      "value": "***"
    },
    {
      "type": "regex",
      "value": "***"
    },
    {
      "type": "regex",
      "value": "***"
    },
    {
      "type": "regex",
      "value": "***"
    },
    {
      "type": "regex",
      "value": "***"
    },
    {
      "type": "regex",
      "value": "***"
    },
    {
      "type": "regex",
      "value": "***"
    },
    {
      "type": "regex",
      "value": "***"
    },
    {
      "type": "regex",
      "value": "***"
    },
    {
      "type": "regex",
      "value": "***"
    },
    {
      "type": "regex",
      "value": "***"
    },
    {
      "type": "regex",
      "value": "***"
    }
  ],
  "steps": [
    {
      "type": "action",
      "reference": {
        "type": "repository",
        "name": "actions/download-artifact",
        "ref": "v4",
        "repositoryType": "GitHub"
      },
      "displayNameToken": {
        "type": 0,
        "file": 1,
        "line": 55,
        "col": 15,
        "lit": "📥 Download artifact"
      },
      "contextName": "__actions_download-artifact",
      "inputs": {
        "type": 2,
        "file": 1,
        "line": 58,
        "col": 11,
        "map": [
          {
            "key": {
              "type": 0,
              "file": 1,
              "line": 58,
              "col": 11,
              "lit": "name"
            },
            "value": {
              "type": 0,
              "file": 1,
              "line": 58,
              "col": 17,
              "lit": "app"
            }
          }
        ]
      },
      "condition": "success()",
      "id": "22780cd3-5ced-47be-acd9-64c22a85d532",
      "name": "__actions_download-artifact"
    },
    {
      "type": "action",
      "reference": {
        "type": "script"
      },
      "displayNameToken": {
        "type": 0,
        "file": 1,
        "line": 60,
        "col": 15,
        "lit": "🚀 Deploy local"
      },
      "contextName": "__run",
      "inputs": {
        "type": 2,
        "map": [
          {
            "key": "script",
            "value": {
              "type": 0,
              "file": 1,
              "line": 61,
              "col": 14,
              "lit": "mkdir -p /var/www/app\ncp -r * /var/www/app\n"
            }
          }
        ]
      },
      "condition": "success()",
      "id": "25bab903-42d5-47b2-b63a-d7493146425f",
      "name": "__run"
    },
    {
      "type": "action",
      "reference": {
        "type": "script"
      },
      "displayNameToken": {
        "type": 0,
        "file": 1,
        "line": 65,
        "col": 15,
        "lit": "🔄 Restart app (Linux)"
      },
      "contextName": "__run_2",
      "inputs": {
        "type": 2,
        "map": [
          {
            "key": "script",
            "value": {
              "type": 0,
              "file": 1,
              "line": 66,
              "col": 14,
              "lit": "sudo systemctl restart myapp || echo \"No service found\""
            }
          }
        ]
      },
      "condition": "success()",
      "id": "0f483a26-2c15-4d3c-8e9c-7ef84a247ac1",
      "name": "__run_2"
    }
  ],
  "variables": {
    "Actions.EnableHttpRedirects": {
      "value": "true"
    },
    "DistributedTask.AddWarningToNode12Action": {
      "value": "true"
    },
    "DistributedTask.AddWarningToNode16Action": {
      "value": "true"
    },
    "DistributedTask.AllowRunnerContainerHooks": {
      "value": "true"
    },
    "DistributedTask.DeprecateStepOutputCommands": {
      "value": "true"
    },
    "DistributedTask.DetailUntarFailure": {
      "value": "true"
    },
    "DistributedTask.EnableCompositeActions": {
      "value": "true"
    },
    "DistributedTask.EnableJobServerQueueTelemetry": {
      "value": "true"
    },
    "DistributedTask.EnhancedAnnotations": {
      "value": "true"
    },
    "DistributedTask.ForceGithubJavascriptActionsToNode16": {
      "value": "true"
    },
    "DistributedTask.ForceGithubJavascriptActionsToNode20": {
      "value": "true"
    },
    "DistributedTask.LogTemplateErrorsAsDebugMessages": {
      "value": "true"
    },
    "DistributedTask.MarkJobAsFailedOnWorkerCrash": {
      "value": "true"
    },
    "DistributedTask.NewActionMetadata": {
      "value": "true"
    },
    "DistributedTask.UploadStepSummary": {
      "value": "true"
    },
    "DistributedTask.UseActionArchiveCache": {
      "value": "true"
    },
    "DistributedTask.UseWhich2": {
      "value": "true"
    },
    "RunService.FixEmbeddedIssues": {
      "value": "true"
    },
    "actions.runner.requirenode24": {
      "value": "false"
    },
    "actions.runner.usenode24bydefault": {
      "value": "false"
    },
    "actions.runner.warnonnode20": {
      "value": "true"
    },
    "actions_add_check_run_id_to_job_context": {
      "value": "true"
    },
    "actions_container_action_runner_temp": {
      "value": "true"
    },
    "actions_display_helpful_actions_download_errors": {
      "value": "true"
    },
    "actions_runner_compare_workflow_parser": {
      "value": "false"
    },
    "actions_runner_deprecate_linux_arm32": {
      "value": "false"
    },
    "actions_runner_emit_composite_markers": {
      "value": "false"
    },
    "actions_runner_kill_linux_arm32": {
      "value": "false"
    },
    "actions_runner_node20_removal_date": {
      "value": ""
    },
    "actions_runner_node24_default_date": {
      "value": ""
    },
    "actions_service_container_command": {
      "value": "false"
    },
    "actions_set_orchestration_id_env_for_actions": {
      "value": "true"
    },
    "actions_skip_retry_complete_job_upon_known_errors": {
      "value": "true"
    },
    "actions_snapshot_preflight_hosted_runner_check": {
      "value": "false"
    },
    "actions_snapshot_preflight_image_gen_pool_check": {
      "value": "false"
    },
    "actions_uses_cache_service_v2": {
      "value": "true"
    },
    "github_token": {
      "value": "***",
      "isSecret": true
    },
    "system.from_run_service": {
      "value": "true"
    },
    "system.github.job": {
      "value": "deploy"
    },
    "system.github.launch_endpoint": {
      "value": "https://launch.actions.githubusercontent.com"
    },
    "system.github.results_endpoint": {
      "value": "https://results-receiver.actions.githubusercontent.com/"
    },
    "system.github.results_upload_with_sdk": {
      "value": "true"
    },
    "system.github.token": {
      "value": "***",
      "isSecret": true
    },
    "system.github.token.permissions": {
      "value": "{\"Contents\":\"read\",\"Metadata\":\"read\",\"Packages\":\"read\"}"
    },
    "system.orchestrationId": {
      "value": "953c3f4c-ed81-4201-a602-2970f52afebb.deploy.__default"
    },
    "system.phaseDisplayName": {
      "value": "deploy"
    },
    "system.runner.lowdiskspacethreshold": {
      "value": "100"
    },
    "system.runnerEnvironment": {
      "value": "self-hosted"
    },
    "system.runnerGroupName": {
      "value": "Default"
    }
  },
  "messageType": "RunnerJobRequest",
  "plan": {
    "scopeIdentifier": "00000000-0000-0000-0000-000000000000",
    "planType": "actions",
    "version": 0,
    "planId": "953c3f4c-ed81-4201-a602-2970f52afebb",
    "planGroup": null,
    "artifactUri": null,
    "artifactLocation": null,
    "definition": null,
    "owner": null
  },
  "timeline": {
    "id": "953c3f4c-ed81-4201-a602-2970f52afebb",
    "changeId": 0,
    "location": null
  },
  "jobId": "a3514b73-5976-50fa-a26d-ce6d05c00d06",
  "jobDisplayName": "deploy",
  "jobName": "__default",
  "requestId": 0,
  "lockedUntil": "0001-01-01T00:00:00",
  "resources": {
    "endpoints": [
      {
        "data": {
          "ServerId": "",
          "ServerName": "",
          "CacheServerUrl": "https://artifactcache.actions.githubusercontent.com/Z54ecuYZSqJBXOsqkjwUYAS6n2bnpn4M8z01TxDDoipZ1n2jnL/",
          "FeedStreamUrl": "wss://results-receiver.actions.githubusercontent.com/_ws/ingest.sock",
          "ResultsServiceUrl": "https://results-receiver.actions.githubusercontent.com/",
          "PipelinesServiceUrl": "https://pipelinesghubeus25.actions.githubusercontent.com/Z54ecuYZSqJBXOsqkjwUYAS6n2bnpn4M8z01TxDDoipZ1n2jnL/",
          "GenerateIdTokenUrl": "",
          "ConnectivityChecks": "[\"https://broker.actions.githubusercontent.com/health\",\"https://token.actions.githubusercontent.com/ready\",\"https://run.actions.githubusercontent.com/health\"]"
        },
        "name": "SystemVssConnection",
        "url": "https://run-actions-2-azure-eastus.actions.githubusercontent.com/40/",
        "authorization": {
          "parameters": {
            "AccessToken": "***"
          },
          "scheme": "OAuth"
        },
        "isShared": false,
        "isReady": true
      }
    ]
  },
  "contextData": {
    "github": {
      "t": 2,
      "d": [
        {
          "k": "ref",
          "v": "refs/heads/main"
        },
        {
          "k": "sha",
          "v": "c9484c55078036e7b288f5ea6f4d4b94102878ad"
        },
        {
          "k": "repository",
          "v": "gpena52/CI-CD"
        },
        {
          "k": "repository_owner",
          "v": "gpena52"
        },
        {
          "k": "repository_owner_id",
          "v": "232099836"
        },
        {
          "k": "repositoryUrl",
          "v": "git://github.com/gpena52/CI-CD.git"
        },
        {
          "k": "run_id",
          "v": "23629191565"
        },
        {
          "k": "run_number",
          "v": "3"
        },
        {
          "k": "retention_days",
          "v": "90"
        },
        {
          "k": "run_attempt",
          "v": "1"
        },
        {
          "k": "artifact_cache_size_limit",
          "v": "10"
        },
        {
          "k": "repository_visibility",
          "v": "public"
        },
        {
          "k": "actor_id",
          "v": "232099836"
        },
        {
          "k": "actor",
          "v": "gpena52"
        },
        {
          "k": "workflow",
          "v": "ASP.NET CI/CD"
        },
        {
          "k": "head_ref",
          "v": ""
        },
        {
          "k": "base_ref",
          "v": ""
        },
        {
          "k": "event_name",
          "v": "push"
        },
        {
          "k": "server_url",
          "v": "https://github.com"
        },
        {
          "k": "api_url",
          "v": "https://api.github.com"
        },
        {
          "k": "graphql_url",
          "v": "https://api.github.com/graphql"
        },
        {
          "k": "ref_name",
          "v": "main"
        },
        {
          "k": "ref_protected",
          "v": false
        },
        {
          "k": "ref_type",
          "v": "branch"
        },
        {
          "k": "secret_source",
          "v": "Actions"
        },
        {
          "k": "event",
          "v": {
            "t": 2,
            "d": [
              {
                "k": "after",
                "v": "c9484c55078036e7b288f5ea6f4d4b94102878ad"
              },
              {
                "k": "base_ref",
                "v": null
              },
              {
                "k": "before",
                "v": "a9da3be3efe358f6f925e14e72adb4011ed1fa0b"
              },
              {
                "k": "commits",
                "v": {
                  "t": 1,
                  "a": [
                    {
                      "t": 2,
                      "d": [
                        {
                          "k": "author",
                          "v": {
                            "t": 2,
                            "d": [
                              {
                                "k": "email",
                                "v": "gabrielpena0209@gmail.com"
                              },
                              {
                                "k": "name",
                                "v": "Gabriel P."
                              },
                              {
                                "k": "username",
                                "v": "gp400"
                              }
                            ]
                          }
                        },
                        {
                          "k": "committer",
                          "v": {
                            "t": 2,
                            "d": [
                              {
                                "k": "email",
                                "v": "gabrielpena0209@gmail.com"
                              },
                              {
                                "k": "name",
                                "v": "Gabriel P."
                              },
                              {
                                "k": "username",
                                "v": "gp400"
                              }
                            ]
                          }
                        },
                        {
                          "k": "distinct",
                          "v": true
                        },
                        {
                          "k": "id",
                          "v": "c9484c55078036e7b288f5ea6f4d4b94102878ad"
                        },
                        {
                          "k": "message",
                          "v": "Corregido"
                        },
                        {
                          "k": "timestamp",
                          "v": "2026-03-26T23:06:32-04:00"
                        },
                        {
                          "k": "tree_id",
                          "v": "5b8da69c557e115a270c29e363ecbdf28f019f14"
                        },
                        {
                          "k": "url",
                          "v": "https://github.com/gpena52/CI-CD/commit/c9484c55078036e7b288f5ea6f4d4b94102878ad"
                        }
                      ]
                    }
                  ]
                }
              },
              {
                "k": "compare",
                "v": "https://github.com/gpena52/CI-CD/compare/a9da3be3efe3...c9484c550780"
              },
              {
                "k": "created",
                "v": false
              },
              {
                "k": "deleted",
                "v": false
              },
              {
                "k": "forced",
                "v": false
              },
              {
                "k": "head_commit",
                "v": {
                  "t": 2,
                  "d": [
                    {
                      "k": "author",
                      "v": {
                        "t": 2,
                        "d": [
                          {
                            "k": "email",
                            "v": "gabrielpena0209@gmail.com"
                          },
                          {
                            "k": "name",
                            "v": "Gabriel P."
                          },
                          {
                            "k": "username",
                            "v": "gp400"
                          }
                        ]
                      }
                    },
                    {
                      "k": "committer",
                      "v": {
                        "t": 2,
                        "d": [
                          {
                            "k": "email",
                            "v": "gabrielpena0209@gmail.com"
                          },
                          {
                            "k": "name",
                            "v": "Gabriel P."
                          },
                          {
                            "k": "username",
                            "v": "gp400"
                          }
                        ]
                      }
                    },
                    {
                      "k": "distinct",
                      "v": true
                    },
                    {
                      "k": "id",
                      "v": "c9484c55078036e7b288f5ea6f4d4b94102878ad"
                    },
                    {
                      "k": "message",
                      "v": "Corregido"
                    },
                    {
                      "k": "timestamp",
                      "v": "2026-03-26T23:06:32-04:00"
                    },
                    {
                      "k": "tree_id",
                      "v": "5b8da69c557e115a270c29e363ecbdf28f019f14"
                    },
                    {
                      "k": "url",
                      "v": "https://github.com/gpena52/CI-CD/commit/c9484c55078036e7b288f5ea6f4d4b94102878ad"
                    }
                  ]
                }
              },
              {
                "k": "pusher",
                "v": {
                  "t": 2,
                  "d": [
                    {
                      "k": "email",
                      "v": "g.pena52@unapec.edu.do"
                    },
                    {
                      "k": "name",
                      "v": "gpena52"
                    }
                  ]
                }
              },
              {
                "k": "ref",
                "v": "refs/heads/main"
              },
              {
                "k": "repository",
                "v": {
                  "t": 2,
                  "d": [
                    {
                      "k": "allow_forking",
                      "v": true
                    },
                    {
                      "k": "archive_url",
                      "v": "https://api.github.com/repos/gpena52/CI-CD/{archive_format}{/ref}"
                    },
                    {
                      "k": "archived",
                      "v": false
                    },
                    {
                      "k": "assignees_url",
                      "v": "https://api.github.com/repos/gpena52/CI-CD/assignees{/user}"
                    },
                    {
                      "k": "blobs_url",
                      "v": "https://api.github.com/repos/gpena52/CI-CD/git/blobs{/sha}"
                    },
                    {
                      "k": "branches_url",
                      "v": "https://api.github.com/repos/gpena52/CI-CD/branches{/branch}"
                    },
                    {
                      "k": "clone_url",
                      "v": "https://github.com/gpena52/CI-CD.git"
                    },
                    {
                      "k": "collaborators_url",
                      "v": "https://api.github.com/repos/gpena52/CI-CD/collaborators{/collaborator}"
                    },
                    {
                      "k": "comments_url",
                      "v": "https://api.github.com/repos/gpena52/CI-CD/comments{/number}"
                    },
                    {
                      "k": "commits_url",
                      "v": "https://api.github.com/repos/gpena52/CI-CD/commits{/sha}"
                    },
                    {
                      "k": "compare_url",
                      "v": "https://api.github.com/repos/gpena52/CI-CD/compare/{base}...{head}"
                    },
                    {
                      "k": "contents_url",
                      "v": "https://api.github.com/repos/gpena52/CI-CD/contents/{+path}"
                    },
                    {
                      "k": "contributors_url",
                      "v": "https://api.github.com/repos/gpena52/CI-CD/contributors"
                    },
                    {
                      "k": "created_at",
                      "v": 1774578045.0
                    },
                    {
                      "k": "default_branch",
                      "v": "main"
                    },
                    {
                      "k": "deployments_url",
                      "v": "https://api.github.com/repos/gpena52/CI-CD/deployments"
                    },
                    {
                      "k": "description",
                      "v": null
                    },
                    {
                      "k": "disabled",
                      "v": false
                    },
                    {
                      "k": "downloads_url",
                      "v": "https://api.github.com/repos/gpena52/CI-CD/downloads"
                    },
                    {
                      "k": "events_url",
                      "v": "https://api.github.com/repos/gpena52/CI-CD/events"
                    },
                    {
                      "k": "fork",
                      "v": false
                    },
                    {
                      "k": "forks",
                      "v": 0.0
                    },
                    {
                      "k": "forks_count",
                      "v": 0.0
                    },
                    {
                      "k": "forks_url",
                      "v": "https://api.github.com/repos/gpena52/CI-CD/forks"
                    },
                    {
                      "k": "full_name",
                      "v": "gpena52/CI-CD"
                    },
                    {
                      "k": "git_commits_url",
                      "v": "https://api.github.com/repos/gpena52/CI-CD/git/commits{/sha}"
                    },
                    {
                      "k": "git_refs_url",
                      "v": "https://api.github.com/repos/gpena52/CI-CD/git/refs{/sha}"
                    },
                    {
                      "k": "git_tags_url",
                      "v": "https://api.github.com/repos/gpena52/CI-CD/git/tags{/sha}"
                    },
                    {
                      "k": "git_url",
                      "v": "git://github.com/gpena52/CI-CD.git"
                    },
                    {
                      "k": "has_discussions",
                      "v": false
                    },
                    {
                      "k": "has_downloads",
                      "v": true
                    },
                    {
                      "k": "has_issues",
                      "v": true
                    },
                    {
                      "k": "has_pages",
                      "v": false
                    },
                    {
                      "k": "has_projects",
                      "v": true
                    },
                    {
                      "k": "has_pull_requests",
                      "v": true
                    },
                    {
                      "k": "has_wiki",
                      "v": true
                    },
                    {
                      "k": "homepage",
                      "v": null
                    },
                    {
                      "k": "hooks_url",
                      "v": "https://api.github.com/repos/gpena52/CI-CD/hooks"
                    },
                    {
                      "k": "html_url",
                      "v": "https://github.com/gpena52/CI-CD"
                    },
                    {
                      "k": "id",
                      "v": 1193232117.0
                    },
                    {
                      "k": "is_template",
                      "v": false
                    },
                    {
                      "k": "issue_comment_url",
                      "v": "https://api.github.com/repos/gpena52/CI-CD/issues/comments{/number}"
                    },
                    {
                      "k": "issue_events_url",
                      "v": "https://api.github.com/repos/gpena52/CI-CD/issues/events{/number}"
                    },
                    {
                      "k": "issues_url",
                      "v": "https://api.github.com/repos/gpena52/CI-CD/issues{/number}"
                    },
                    {
                      "k": "keys_url",
                      "v": "https://api.github.com/repos/gpena52/CI-CD/keys{/key_id}"
                    },
                    {
                      "k": "labels_url",
                      "v": "https://api.github.com/repos/gpena52/CI-CD/labels{/name}"
                    },
                    {
                      "k": "language",
                      "v": "JavaScript"
                    },
                    {
                      "k": "languages_url",
                      "v": "https://api.github.com/repos/gpena52/CI-CD/languages"
                    },
                    {
                      "k": "license",
                      "v": null
                    },
                    {
                      "k": "master_branch",
                      "v": "main"
                    },
                    {
                      "k": "merges_url",
                      "v": "https://api.github.com/repos/gpena52/CI-CD/merges"
                    },
                    {
                      "k": "milestones_url",
                      "v": "https://api.github.com/repos/gpena52/CI-CD/milestones{/number}"
                    },
                    {
                      "k": "mirror_url",
                      "v": null
                    },
                    {
                      "k": "name",
                      "v": "CI-CD"
                    },
                    {
                      "k": "node_id",
                      "v": "R_kgDORx9G9Q"
                    },
                    {
                      "k": "notifications_url",
                      "v": "https://api.github.com/repos/gpena52/CI-CD/notifications{?since,all,participating}"
                    },
                    {
                      "k": "open_issues",
                      "v": 0.0
                    },
                    {
                      "k": "open_issues_count",
                      "v": 0.0
                    },
                    {
                      "k": "owner",
                      "v": {
                        "t": 2,
                        "d": [
                          {
                            "k": "avatar_url",
                            "v": "https://avatars.githubusercontent.com/u/232099836?v=4"
                          },
                          {
                            "k": "email",
                            "v": "g.pena52@unapec.edu.do"
                          },
                          {
                            "k": "events_url",
                            "v": "https://api.github.com/users/gpena52/events{/privacy}"
                          },
                          {
                            "k": "followers_url",
                            "v": "https://api.github.com/users/gpena52/followers"
                          },
                          {
                            "k": "following_url",
                            "v": "https://api.github.com/users/gpena52/following{/other_user}"
                          },
                          {
                            "k": "gists_url",
                            "v": "https://api.github.com/users/gpena52/gists{/gist_id}"
                          },
                          {
                            "k": "gravatar_id",
                            "v": ""
                          },
                          {
                            "k": "html_url",
                            "v": "https://github.com/gpena52"
                          },
                          {
                            "k": "id",
                            "v": 232099836.0
                          },
                          {
                            "k": "login",
                            "v": "gpena52"
                          },
                          {
                            "k": "name",
                            "v": "gpena52"
                          },
                          {
                            "k": "node_id",
                            "v": "U_kgDODdWP_A"
                          },
                          {
                            "k": "organizations_url",
                            "v": "https://api.github.com/users/gpena52/orgs"
                          },
                          {
                            "k": "received_events_url",
                            "v": "https://api.github.com/users/gpena52/received_events"
                          },
                          {
                            "k": "repos_url",
                            "v": "https://api.github.com/users/gpena52/repos"
                          },
                          {
                            "k": "site_admin",
                            "v": false
                          },
                          {
                            "k": "starred_url",
                            "v": "https://api.github.com/users/gpena52/starred{/owner}{/repo}"
                          },
                          {
                            "k": "subscriptions_url",
                            "v": "https://api.github.com/users/gpena52/subscriptions"
                          },
                          {
                            "k": "type",
                            "v": "User"
                          },
                          {
                            "k": "url",
                            "v": "https://api.github.com/users/gpena52"
                          },
                          {
                            "k": "user_view_type",
                            "v": "public"
                          }
                        ]
                      }
                    },
                    {
                      "k": "private",
                      "v": false
                    },
                    {
                      "k": "pull_request_creation_policy",
                      "v": "all"
                    },
                    {
                      "k": "pulls_url",
                      "v": "https://api.github.com/repos/gpena52/CI-CD/pulls{/number}"
                    },
                    {
                      "k": "pushed_at",
                      "v": 1774580798.0
                    },
                    {
                      "k": "releases_url",
                      "v": "https://api.github.com/repos/gpena52/CI-CD/releases{/id}"
                    },
                    {
                      "k": "size",
                      "v": 0.0
                    },
                    {
                      "k": "ssh_url",
                      "v": "git@github.com:gpena52/CI-CD.git"
                    },
                    {
                      "k": "stargazers",
                      "v": 0.0
                    },
                    {
                      "k": "stargazers_count",
                      "v": 0.0
                    },
                    {
                      "k": "stargazers_url",
                      "v": "https://api.github.com/repos/gpena52/CI-CD/stargazers"
                    },
                    {
                      "k": "statuses_url",
                      "v": "https://api.github.com/repos/gpena52/CI-CD/statuses/{sha}"
                    },
                    {
                      "k": "subscribers_url",
                      "v": "https://api.github.com/repos/gpena52/CI-CD/subscribers"
                    },
                    {
                      "k": "subscription_url",
                      "v": "https://api.github.com/repos/gpena52/CI-CD/subscription"
                    },
                    {
                      "k": "svn_url",
                      "v": "https://github.com/gpena52/CI-CD"
                    },
                    {
                      "k": "tags_url",
                      "v": "https://api.github.com/repos/gpena52/CI-CD/tags"
                    },
                    {
                      "k": "teams_url",
                      "v": "https://api.github.com/repos/gpena52/CI-CD/teams"
                    },
                    {
                      "k": "topics",
                      "v": {
                        "t": 1
                      }
                    },
                    {
                      "k": "trees_url",
                      "v": "https://api.github.com/repos/gpena52/CI-CD/git/trees{/sha}"
                    },
                    {
                      "k": "updated_at",
                      "v": "2026-03-27T02:58:55Z"
                    },
                    {
                      "k": "url",
                      "v": "https://api.github.com/repos/gpena52/CI-CD"
                    },
                    {
                      "k": "visibility",
                      "v": "public"
                    },
                    {
                      "k": "watchers",
                      "v": 0.0
                    },
                    {
                      "k": "watchers_count",
                      "v": 0.0
                    },
                    {
                      "k": "web_commit_signoff_required",
                      "v": false
                    }
                  ]
                }
              },
              {
                "k": "sender",
                "v": {
                  "t": 2,
                  "d": [
                    {
                      "k": "avatar_url",
                      "v": "https://avatars.githubusercontent.com/u/232099836?v=4"
                    },
                    {
                      "k": "events_url",
                      "v": "https://api.github.com/users/gpena52/events{/privacy}"
                    },
                    {
                      "k": "followers_url",
                      "v": "https://api.github.com/users/gpena52/followers"
                    },
                    {
                      "k": "following_url",
                      "v": "https://api.github.com/users/gpena52/following{/other_user}"
                    },
                    {
                      "k": "gists_url",
                      "v": "https://api.github.com/users/gpena52/gists{/gist_id}"
                    },
                    {
                      "k": "gravatar_id",
                      "v": ""
                    },
                    {
                      "k": "html_url",
                      "v": "https://github.com/gpena52"
                    },
                    {
                      "k": "id",
                      "v": 232099836.0
                    },
                    {
                      "k": "login",
                      "v": "gpena52"
                    },
                    {
                      "k": "node_id",
                      "v": "U_kgDODdWP_A"
                    },
                    {
                      "k": "organizations_url",
                      "v": "https://api.github.com/users/gpena52/orgs"
                    },
                    {
                      "k": "received_events_url",
                      "v": "https://api.github.com/users/gpena52/received_events"
                    },
                    {
                      "k": "repos_url",
                      "v": "https://api.github.com/users/gpena52/repos"
                    },
                    {
                      "k": "site_admin",
                      "v": false
                    },
                    {
                      "k": "starred_url",
                      "v": "https://api.github.com/users/gpena52/starred{/owner}{/repo}"
                    },
                    {
                      "k": "subscriptions_url",
                      "v": "https://api.github.com/users/gpena52/subscriptions"
                    },
                    {
                      "k": "type",
                      "v": "User"
                    },
                    {
                      "k": "url",
                      "v": "https://api.github.com/users/gpena52"
                    },
                    {
                      "k": "user_view_type",
                      "v": "public"
                    }
                  ]
                }
              }
            ]
          }
        },
        {
          "k": "workflow_ref",
          "v": "gpena52/CI-CD/.github/workflows/ci-cd.yml@refs/heads/main"
        },
        {
          "k": "workflow_sha",
          "v": "c9484c55078036e7b288f5ea6f4d4b94102878ad"
        },
        {
          "k": "repository_id",
          "v": "1193232117"
        },
        {
          "k": "triggering_actor",
          "v": "gpena52"
        }
      ]
    },
    "inputs": {
      "t": 2
    },
    "job": {
      "t": 2,
      "d": [
        {
          "k": "check_run_id",
          "v": 68824662150.0
        }
      ]
    },
    "matrix": null,
    "needs": {
      "t": 2,
      "d": [
        {
          "k": "build",
          "v": {
            "t": 2,
            "d": [
              {
                "k": "result",
                "v": "success"
              },
              {
                "k": "outputs",
                "v": {
                  "t": 2
                }
              }
            ]
          }
        }
      ]
    },
    "strategy": {
      "t": 2,
      "d": [
        {
          "k": "fail-fast",
          "v": true
        },
        {
          "k": "job-index",
          "v": 0.0
        },
        {
          "k": "job-total",
          "v": 1.0
        },
        {
          "k": "max-parallel",
          "v": 1.0
        }
      ]
    },
    "vars": {
      "t": 2
    }
  },
  "billingOwnerId": "U_kgDODdWP_A"
}
[2026-03-27 03:07:35Z INFO JobRunner] Job ID a3514b73-5976-50fa-a26d-ce6d05c00d06
[2026-03-27 03:07:35Z INFO ConfigurationStore] currentAssemblyLocation: D:\Users\GABRIEL PEÑA\source\repos\Tarea11\actions-runner\bin\Runner.Worker.dll
[2026-03-27 03:07:35Z INFO HostContext] Well known directory 'Bin': 'D:\Users\GABRIEL PEÑA\source\repos\Tarea11\actions-runner\bin'
[2026-03-27 03:07:35Z INFO ConfigurationStore] binPath: D:\Users\GABRIEL PEÑA\source\repos\Tarea11\actions-runner\bin
[2026-03-27 03:07:35Z INFO HostContext] Well known directory 'Bin': 'D:\Users\GABRIEL PEÑA\source\repos\Tarea11\actions-runner\bin'
[2026-03-27 03:07:35Z INFO HostContext] Well known directory 'Root': 'D:\Users\GABRIEL PEÑA\source\repos\Tarea11\actions-runner'
[2026-03-27 03:07:35Z INFO ConfigurationStore] RootFolder: D:\Users\GABRIEL PEÑA\source\repos\Tarea11\actions-runner
[2026-03-27 03:07:35Z INFO HostContext] Well known directory 'Bin': 'D:\Users\GABRIEL PEÑA\source\repos\Tarea11\actions-runner\bin'
[2026-03-27 03:07:35Z INFO HostContext] Well known directory 'Root': 'D:\Users\GABRIEL PEÑA\source\repos\Tarea11\actions-runner'
[2026-03-27 03:07:35Z INFO HostContext] Well known config file 'Runner': 'D:\Users\GABRIEL PEÑA\source\repos\Tarea11\actions-runner\.runner'
[2026-03-27 03:07:35Z INFO ConfigurationStore] ConfigFilePath: D:\Users\GABRIEL PEÑA\source\repos\Tarea11\actions-runner\.runner
[2026-03-27 03:07:35Z INFO HostContext] Well known directory 'Bin': 'D:\Users\GABRIEL PEÑA\source\repos\Tarea11\actions-runner\bin'
[2026-03-27 03:07:35Z INFO HostContext] Well known directory 'Root': 'D:\Users\GABRIEL PEÑA\source\repos\Tarea11\actions-runner'
[2026-03-27 03:07:35Z INFO HostContext] Well known config file 'MigratedRunner': 'D:\Users\GABRIEL PEÑA\source\repos\Tarea11\actions-runner\.runner_migrated'
[2026-03-27 03:07:35Z INFO ConfigurationStore] MigratedConfigFilePath: D:\Users\GABRIEL PEÑA\source\repos\Tarea11\actions-runner\.runner_migrated
[2026-03-27 03:07:35Z INFO HostContext] Well known directory 'Bin': 'D:\Users\GABRIEL PEÑA\source\repos\Tarea11\actions-runner\bin'
[2026-03-27 03:07:35Z INFO HostContext] Well known directory 'Root': 'D:\Users\GABRIEL PEÑA\source\repos\Tarea11\actions-runner'
[2026-03-27 03:07:35Z INFO HostContext] Well known config file 'Credentials': 'D:\Users\GABRIEL PEÑA\source\repos\Tarea11\actions-runner\.credentials'
[2026-03-27 03:07:35Z INFO ConfigurationStore] CredFilePath: D:\Users\GABRIEL PEÑA\source\repos\Tarea11\actions-runner\.credentials
[2026-03-27 03:07:35Z INFO HostContext] Well known directory 'Bin': 'D:\Users\GABRIEL PEÑA\source\repos\Tarea11\actions-runner\bin'
[2026-03-27 03:07:35Z INFO HostContext] Well known directory 'Root': 'D:\Users\GABRIEL PEÑA\source\repos\Tarea11\actions-runner'
[2026-03-27 03:07:35Z INFO HostContext] Well known config file 'MigratedCredentials': 'D:\Users\GABRIEL PEÑA\source\repos\Tarea11\actions-runner\.credentials_migrated'
[2026-03-27 03:07:35Z INFO ConfigurationStore] MigratedCredFilePath: D:\Users\GABRIEL PEÑA\source\repos\Tarea11\actions-runner\.credentials_migrated
[2026-03-27 03:07:35Z INFO HostContext] Well known directory 'Bin': 'D:\Users\GABRIEL PEÑA\source\repos\Tarea11\actions-runner\bin'
[2026-03-27 03:07:35Z INFO HostContext] Well known directory 'Root': 'D:\Users\GABRIEL PEÑA\source\repos\Tarea11\actions-runner'
[2026-03-27 03:07:35Z INFO HostContext] Well known config file 'Service': 'D:\Users\GABRIEL PEÑA\source\repos\Tarea11\actions-runner\.service'
[2026-03-27 03:07:35Z INFO ConfigurationStore] ServiceConfigFilePath: D:\Users\GABRIEL PEÑA\source\repos\Tarea11\actions-runner\.service
[2026-03-27 03:07:35Z INFO ConfigurationStore] Read setting file: 382 chars
[2026-03-27 03:07:35Z INFO JobRunner] Initializing launch client
[2026-03-27 03:07:35Z INFO JobServerQueue] Initializing results client
[2026-03-27 03:07:35Z INFO ResultServer] Creating websocket client ...wss://results-receiver.actions.githubusercontent.com/_ws/ingest.sock
[2026-03-27 03:07:35Z INFO ResultServer] Attempting to start websocket client with delay 00:00:00.
[2026-03-27 03:07:35Z INFO JobServerQueue] Start process web console line queue.
[2026-03-27 03:07:35Z INFO JobServerQueue] Start process file upload queue.
[2026-03-27 03:07:35Z INFO JobServerQueue] Start results file upload queue.
[2026-03-27 03:07:35Z INFO JobServerQueue] Starting results-based upload queue...
[2026-03-27 03:07:35Z INFO JobServerQueue] Start process timeline update queue.
[2026-03-27 03:07:35Z INFO ExecutionContext] Initializing Job context
[2026-03-27 03:07:35Z INFO ExecutionContext] Initialize GitHub context
[2026-03-27 03:07:35Z INFO ExecutionContext] Initialize Env context
[2026-03-27 03:07:35Z INFO HostContext] Well known directory 'Bin': 'D:\Users\GABRIEL PEÑA\source\repos\Tarea11\actions-runner\bin'
[2026-03-27 03:07:35Z INFO HostContext] Well known directory 'Root': 'D:\Users\GABRIEL PEÑA\source\repos\Tarea11\actions-runner'
[2026-03-27 03:07:35Z INFO HostContext] Well known directory 'Diag': 'D:\Users\GABRIEL PEÑA\source\repos\Tarea11\actions-runner\_diag'
[2026-03-27 03:07:35Z INFO HostContext] Well known directory 'Bin': 'D:\Users\GABRIEL PEÑA\source\repos\Tarea11\actions-runner\bin'
[2026-03-27 03:07:35Z INFO HostContext] Well known directory 'Root': 'D:\Users\GABRIEL PEÑA\source\repos\Tarea11\actions-runner'
[2026-03-27 03:07:35Z INFO HostContext] Well known directory 'Diag': 'D:\Users\GABRIEL PEÑA\source\repos\Tarea11\actions-runner\_diag'
[2026-03-27 03:07:35Z INFO JobRunner] Starting the job execution context.
[2026-03-27 03:07:35Z INFO HostContext] Well known directory 'Bin': 'D:\Users\GABRIEL PEÑA\source\repos\Tarea11\actions-runner\bin'
[2026-03-27 03:07:35Z INFO HostContext] Well known directory 'Root': 'D:\Users\GABRIEL PEÑA\source\repos\Tarea11\actions-runner'
[2026-03-27 03:07:35Z INFO HostContext] Well known directory 'Work': 'D:\Users\GABRIEL PEÑA\source\repos\Tarea11\actions-runner\_work'
[2026-03-27 03:07:35Z INFO JobRunner] Validating directory permissions for: 'D:\Users\GABRIEL PEÑA\source\repos\Tarea11\actions-runner\_work'
[2026-03-27 03:07:35Z INFO HostContext] Well known directory 'Bin': 'D:\Users\GABRIEL PEÑA\source\repos\Tarea11\actions-runner\bin'
[2026-03-27 03:07:35Z INFO HostContext] Well known directory 'Root': 'D:\Users\GABRIEL PEÑA\source\repos\Tarea11\actions-runner'
[2026-03-27 03:07:35Z INFO HostContext] Well known directory 'Work': 'D:\Users\GABRIEL PEÑA\source\repos\Tarea11\actions-runner\_work'
[2026-03-27 03:07:35Z INFO HostContext] Well known directory 'Tools': 'D:\Users\GABRIEL PEÑA\source\repos\Tarea11\actions-runner\_work\_tool'
[2026-03-27 03:07:35Z INFO HostContext] Well known directory 'Bin': 'D:\Users\GABRIEL PEÑA\source\repos\Tarea11\actions-runner\bin'
[2026-03-27 03:07:35Z INFO HostContext] Well known directory 'Root': 'D:\Users\GABRIEL PEÑA\source\repos\Tarea11\actions-runner'
[2026-03-27 03:07:35Z INFO HostContext] Well known directory 'Work': 'D:\Users\GABRIEL PEÑA\source\repos\Tarea11\actions-runner\_work'
[2026-03-27 03:07:35Z INFO HostContext] Well known directory 'Temp': 'D:\Users\GABRIEL PEÑA\source\repos\Tarea11\actions-runner\_work\_temp'
[2026-03-27 03:07:35Z INFO JobRunner] Getting job extension.
[2026-03-27 03:07:35Z INFO JobRunner] Initialize job. Getting all job steps.
[2026-03-27 03:07:35Z INFO HostContext] Well known directory 'Bin': 'D:\Users\GABRIEL PEÑA\source\repos\Tarea11\actions-runner\bin'
[2026-03-27 03:07:35Z INFO HostContext] Well known directory 'Root': 'D:\Users\GABRIEL PEÑA\source\repos\Tarea11\actions-runner'
[2026-03-27 03:07:35Z INFO HostContext] Well known directory 'Diag': 'D:\Users\GABRIEL PEÑA\source\repos\Tarea11\actions-runner\_diag'
[2026-03-27 03:07:35Z INFO HostContext] Well known directory 'Bin': 'D:\Users\GABRIEL PEÑA\source\repos\Tarea11\actions-runner\bin'
[2026-03-27 03:07:35Z INFO HostContext] Well known directory 'Root': 'D:\Users\GABRIEL PEÑA\source\repos\Tarea11\actions-runner'
[2026-03-27 03:07:35Z INFO HostContext] Well known directory 'Diag': 'D:\Users\GABRIEL PEÑA\source\repos\Tarea11\actions-runner\_diag'
[2026-03-27 03:07:35Z INFO HostContext] Well known directory 'Bin': 'D:\Users\GABRIEL PEÑA\source\repos\Tarea11\actions-runner\bin'
[2026-03-27 03:07:35Z INFO HostContext] Well known directory 'Root': 'D:\Users\GABRIEL PEÑA\source\repos\Tarea11\actions-runner'
[2026-03-27 03:07:35Z INFO HostContext] Well known config file 'Credentials': 'D:\Users\GABRIEL PEÑA\source\repos\Tarea11\actions-runner\.credentials'
[2026-03-27 03:07:35Z INFO HostContext] Well known directory 'Bin': 'D:\Users\GABRIEL PEÑA\source\repos\Tarea11\actions-runner\bin'
[2026-03-27 03:07:35Z INFO HostContext] Well known directory 'Root': 'D:\Users\GABRIEL PEÑA\source\repos\Tarea11\actions-runner'
[2026-03-27 03:07:35Z INFO HostContext] Well known config file 'SetupInfo': 'D:\Users\GABRIEL PEÑA\source\repos\Tarea11\actions-runner\.setup_info'
[2026-03-27 03:07:35Z INFO HostContext] Well known directory 'Bin': 'D:\Users\GABRIEL PEÑA\source\repos\Tarea11\actions-runner\bin'
[2026-03-27 03:07:35Z INFO HostContext] Well known directory 'Root': 'D:\Users\GABRIEL PEÑA\source\repos\Tarea11\actions-runner'
[2026-03-27 03:07:35Z INFO HostContext] Well known directory 'Work': 'D:\Users\GABRIEL PEÑA\source\repos\Tarea11\actions-runner\_work'
[2026-03-27 03:07:35Z INFO PipelineDirectoryManager] Loading tracking config if exists: D:\Users\GABRIEL PEÑA\source\repos\Tarea11\actions-runner\_work\_PipelineMapping\gpena52/CI-CD\PipelineFolder.json
[2026-03-27 03:07:35Z INFO PipelineDirectoryManager] Updating job run properties.
[2026-03-27 03:07:35Z INFO HostContext] Well known directory 'Bin': 'D:\Users\GABRIEL PEÑA\source\repos\Tarea11\actions-runner\bin'
[2026-03-27 03:07:35Z INFO HostContext] Well known directory 'Root': 'D:\Users\GABRIEL PEÑA\source\repos\Tarea11\actions-runner'
[2026-03-27 03:07:35Z INFO HostContext] Well known directory 'Work': 'D:\Users\GABRIEL PEÑA\source\repos\Tarea11\actions-runner\_work'
[2026-03-27 03:07:35Z INFO HostContext] Well known directory 'Bin': 'D:\Users\GABRIEL PEÑA\source\repos\Tarea11\actions-runner\bin'
[2026-03-27 03:07:35Z INFO HostContext] Well known directory 'Root': 'D:\Users\GABRIEL PEÑA\source\repos\Tarea11\actions-runner'
[2026-03-27 03:07:35Z INFO HostContext] Well known directory 'Work': 'D:\Users\GABRIEL PEÑA\source\repos\Tarea11\actions-runner\_work'
[2026-03-27 03:07:35Z INFO HostContext] Well known directory 'Bin': 'D:\Users\GABRIEL PEÑA\source\repos\Tarea11\actions-runner\bin'
[2026-03-27 03:07:35Z INFO HostContext] Well known directory 'Root': 'D:\Users\GABRIEL PEÑA\source\repos\Tarea11\actions-runner'
[2026-03-27 03:07:35Z INFO HostContext] Well known directory 'Work': 'D:\Users\GABRIEL PEÑA\source\repos\Tarea11\actions-runner\_work'
[2026-03-27 03:07:35Z INFO JobExtension] Downloading actions
[2026-03-27 03:07:35Z INFO HostContext] Well known directory 'Bin': 'D:\Users\GABRIEL PEÑA\source\repos\Tarea11\actions-runner\bin'
[2026-03-27 03:07:35Z INFO HostContext] Well known directory 'Root': 'D:\Users\GABRIEL PEÑA\source\repos\Tarea11\actions-runner'
[2026-03-27 03:07:35Z INFO HostContext] Well known directory 'Work': 'D:\Users\GABRIEL PEÑA\source\repos\Tarea11\actions-runner\_work'
[2026-03-27 03:07:35Z INFO HostContext] Well known directory 'Actions': 'D:\Users\GABRIEL PEÑA\source\repos\Tarea11\actions-runner\_work\_actions'
[2026-03-27 03:07:36Z INFO Worker] Listening for cancel message from the channel.
[2026-03-27 03:07:36Z INFO Worker] Waiting for the job to complete or for a cancel message from the channel.
[2026-03-27 03:07:36Z INFO ResultServer] Successfully started websocket client.
[2026-03-27 03:07:36Z INFO JobServerQueue] Try to append 1 batches web console lines for record 'c47f0913-2c49-4cad-b08f-206d5bb32890', success rate: 1/1.
[2026-03-27 03:07:36Z INFO HostContext] Well known directory 'Bin': 'D:\Users\GABRIEL PEÑA\source\repos\Tarea11\actions-runner\bin'
[2026-03-27 03:07:36Z INFO HostContext] Well known directory 'Root': 'D:\Users\GABRIEL PEÑA\source\repos\Tarea11\actions-runner'
[2026-03-27 03:07:36Z INFO HostContext] Well known directory 'Work': 'D:\Users\GABRIEL PEÑA\source\repos\Tarea11\actions-runner\_work'
[2026-03-27 03:07:36Z INFO HostContext] Well known directory 'Actions': 'D:\Users\GABRIEL PEÑA\source\repos\Tarea11\actions-runner\_work\_actions'
[2026-03-27 03:07:36Z INFO HostContext] Well known directory 'Bin': 'D:\Users\GABRIEL PEÑA\source\repos\Tarea11\actions-runner\bin'
[2026-03-27 03:07:36Z INFO HostContext] Well known directory 'Root': 'D:\Users\GABRIEL PEÑA\source\repos\Tarea11\actions-runner'
[2026-03-27 03:07:36Z INFO HostContext] Well known directory 'Work': 'D:\Users\GABRIEL PEÑA\source\repos\Tarea11\actions-runner\_work'
[2026-03-27 03:07:36Z INFO HostContext] Well known directory 'Actions': 'D:\Users\GABRIEL PEÑA\source\repos\Tarea11\actions-runner\_work\_actions'
[2026-03-27 03:07:36Z INFO ActionManager] Save archive 'https://api.github.com/repos/actions/download-artifact/zipball/d3f86a106a0bac45b974a628896c90dbdf5c8093' into D:\Users\GABRIEL PEÑA\source\repos\Tarea11\actions-runner\_work\_actions\_temp_4a1870f7-56bf-43e2-a5d0-b81e93f46647\41d7115f-a8d6-4a33-a128-c3ffa27f0bbc.zip.
[2026-03-27 03:07:36Z INFO JobServerQueue] Job timeline record has been updated for the first time.
[2026-03-27 03:07:36Z INFO JobServerQueue] Try to append 1 batches web console lines for record 'c47f0913-2c49-4cad-b08f-206d5bb32890', success rate: 1/1.
[2026-03-27 03:07:38Z INFO ActionManager] Request URL: https://api.github.com/repos/actions/download-artifact/zipball/d3f86a106a0bac45b974a628896c90dbdf5c8093 X-GitHub-Request-Id: C558:209FDD:3E4B0:53D09:69C5F478 Http Status: OK
[2026-03-27 03:07:40Z INFO ActionManager] Finished getting action repository.
[2026-03-27 03:07:40Z INFO HostContext] Well known directory 'Bin': 'D:\Users\GABRIEL PEÑA\source\repos\Tarea11\actions-runner\bin'
[2026-03-27 03:07:40Z INFO HostContext] Well known directory 'Root': 'D:\Users\GABRIEL PEÑA\source\repos\Tarea11\actions-runner'
[2026-03-27 03:07:40Z INFO HostContext] Well known directory 'Work': 'D:\Users\GABRIEL PEÑA\source\repos\Tarea11\actions-runner\_work'
[2026-03-27 03:07:40Z INFO HostContext] Well known directory 'Actions': 'D:\Users\GABRIEL PEÑA\source\repos\Tarea11\actions-runner\_work\_actions'
[2026-03-27 03:07:40Z INFO ActionManifestManagerLegacy] Load schema file with definitions: [
  "null",
  "boolean",
  "number",
  "string",
  "sequence",
  "mapping",
  "any",
  "action-root",
  "inputs",
  "input",
  "outputs",
  "output-definition",
  "runs",
  "container-runs",
  "container-runs-args",
  "container-runs-env",
  "node-runs",
  "plugin-runs",
  "composite-runs",
  "composite-steps",
  "composite-step",
  "run-step",
  "uses-step",
  "container-runs-context",
  "output-value",
  "input-default-context",
  "non-empty-string",
  "string-steps-context",
  "boolean-steps-context",
  "step-env",
  "step-if",
  "step-with"
]
[2026-03-27 03:07:40Z INFO ActionManifestManager] Load schema file with definitions: [
  "null",
  "boolean",
  "number",
  "string",
  "sequence",
  "mapping",
  "any",
  "action-root",
  "inputs",
  "input",
  "outputs",
  "output-definition",
  "runs",
  "container-runs",
  "container-runs-args",
  "container-runs-env",
  "node-runs",
  "plugin-runs",
  "composite-runs",
  "composite-steps",
  "composite-step",
  "run-step",
  "uses-step",
  "container-runs-context",
  "output-value",
  "input-default-context",
  "non-empty-string",
  "string-steps-context",
  "boolean-steps-context",
  "step-env",
  "step-if",
  "step-with"
]
[2026-03-27 03:07:40Z INFO HostContext] Well known directory 'Bin': 'D:\Users\GABRIEL PEÑA\source\repos\Tarea11\actions-runner\bin'
[2026-03-27 03:07:40Z INFO HostContext] Well known directory 'Root': 'D:\Users\GABRIEL PEÑA\source\repos\Tarea11\actions-runner'
[2026-03-27 03:07:40Z INFO HostContext] Well known directory 'Work': 'D:\Users\GABRIEL PEÑA\source\repos\Tarea11\actions-runner\_work'
[2026-03-27 03:07:40Z INFO HostContext] Well known directory 'Actions': 'D:\Users\GABRIEL PEÑA\source\repos\Tarea11\actions-runner\_work\_actions'
[2026-03-27 03:07:40Z INFO ActionManifestManagerLegacy] Ignore action property author.
[2026-03-27 03:07:40Z INFO ActionManifestManagerLegacy] Loaded action.yml file: {
  "name": "Download a Build Artifact",
  "description": "Download a build artifact that was previously uploaded in the workflow by the upload-artifact action",
  "inputs": {
    "type": 2,
    "map": [
      {
        "key": {
          "type": 0,
          "file": 2,
          "line": 5,
          "col": 3,
          "lit": "name"
        },
        "value": ""
      },
      {
        "key": {
          "type": 0,
          "file": 2,
          "line": 8,
          "col": 3,
          "lit": "artifact-ids"
        },
        "value": ""
      },
      {
        "key": {
          "type": 0,
          "file": 2,
          "line": 11,
          "col": 3,
          "lit": "path"
        },
        "value": ""
      },
      {
        "key": {
          "type": 0,
          "file": 2,
          "line": 14,
          "col": 3,
          "lit": "pattern"
        },
        "value": ""
      },
      {
        "key": {
          "type": 0,
          "file": 2,
          "line": 17,
          "col": 3,
          "lit": "merge-multiple"
        },
        "value": {
          "type": 0,
          "file": 2,
          "line": 22,
          "col": 14,
          "lit": "false"
        }
      },
      {
        "key": {
          "type": 0,
          "file": 2,
          "line": 23,
          "col": 3,
          "lit": "github-token"
        },
        "value": ""
      },
      {
        "key": {
          "type": 0,
          "file": 2,
          "line": 28,
          "col": 3,
          "lit": "repository"
        },
        "value": {
          "type": 3,
          "file": 2,
          "line": 32,
          "col": 14,
          "expr": "github.repository"
        }
      },
      {
        "key": {
          "type": 0,
          "file": 2,
          "line": 33,
          "col": 3,
          "lit": "run-id"
        },
        "value": {
          "type": 3,
          "file": 2,
          "line": 37,
          "col": 14,
          "expr": "github.run_id"
        }
      }
    ]
  },
  "execution": {
    "executionType": "nodeJS",
    "hasPre": false,
    "hasPost": false,
    "script": "dist/index.js",
    "pre": null,
    "post": null,
    "nodeVersion": "node20",
    "cleanupCondition": "always()",
    "initCondition": "always()"
  },
  "deprecated": null
}
[2026-03-27 03:07:40Z INFO ActionManager] Action node.js file: dist/index.js, no more preparation.
[2026-03-27 03:07:40Z INFO HostContext] Well known directory 'Bin': 'D:\Users\GABRIEL PEÑA\source\repos\Tarea11\actions-runner\bin'
[2026-03-27 03:07:40Z INFO HostContext] Well known directory 'Root': 'D:\Users\GABRIEL PEÑA\source\repos\Tarea11\actions-runner'
[2026-03-27 03:07:40Z INFO HostContext] Well known directory 'Work': 'D:\Users\GABRIEL PEÑA\source\repos\Tarea11\actions-runner\_work'
[2026-03-27 03:07:40Z INFO HostContext] Well known directory 'Actions': 'D:\Users\GABRIEL PEÑA\source\repos\Tarea11\actions-runner\_work\_actions'
[2026-03-27 03:07:40Z INFO ActionManager] Load action that reference repository from 'D:\Users\GABRIEL PEÑA\source\repos\Tarea11\actions-runner\_work\_actions\actions\download-artifact\v4'
[2026-03-27 03:07:40Z INFO HostContext] Well known directory 'Bin': 'D:\Users\GABRIEL PEÑA\source\repos\Tarea11\actions-runner\bin'
[2026-03-27 03:07:40Z INFO HostContext] Well known directory 'Root': 'D:\Users\GABRIEL PEÑA\source\repos\Tarea11\actions-runner'
[2026-03-27 03:07:40Z INFO HostContext] Well known directory 'Work': 'D:\Users\GABRIEL PEÑA\source\repos\Tarea11\actions-runner\_work'
[2026-03-27 03:07:40Z INFO HostContext] Well known directory 'Actions': 'D:\Users\GABRIEL PEÑA\source\repos\Tarea11\actions-runner\_work\_actions'
[2026-03-27 03:07:40Z INFO ActionManifestManagerLegacy] Ignore action property author.
[2026-03-27 03:07:40Z INFO ActionManifestManagerLegacy] Loaded action.yml file: {
  "name": "Download a Build Artifact",
  "description": "Download a build artifact that was previously uploaded in the workflow by the upload-artifact action",
  "inputs": {
    "type": 2,
    "map": [
      {
        "key": {
          "type": 0,
          "file": 2,
          "line": 5,
          "col": 3,
          "lit": "name"
        },
        "value": ""
      },
      {
        "key": {
          "type": 0,
          "file": 2,
          "line": 8,
          "col": 3,
          "lit": "artifact-ids"
        },
        "value": ""
      },
      {
        "key": {
          "type": 0,
          "file": 2,
          "line": 11,
          "col": 3,
          "lit": "path"
        },
        "value": ""
      },
      {
        "key": {
          "type": 0,
          "file": 2,
          "line": 14,
          "col": 3,
          "lit": "pattern"
        },
        "value": ""
      },
      {
        "key": {
          "type": 0,
          "file": 2,
          "line": 17,
          "col": 3,
          "lit": "merge-multiple"
        },
        "value": {
          "type": 0,
          "file": 2,
          "line": 22,
          "col": 14,
          "lit": "false"
        }
      },
      {
        "key": {
          "type": 0,
          "file": 2,
          "line": 23,
          "col": 3,
          "lit": "github-token"
        },
        "value": ""
      },
      {
        "key": {
          "type": 0,
          "file": 2,
          "line": 28,
          "col": 3,
          "lit": "repository"
        },
        "value": {
          "type": 3,
          "file": 2,
          "line": 32,
          "col": 14,
          "expr": "github.repository"
        }
      },
      {
        "key": {
          "type": 0,
          "file": 2,
          "line": 33,
          "col": 3,
          "lit": "run-id"
        },
        "value": {
          "type": 3,
          "file": 2,
          "line": 37,
          "col": 14,
          "expr": "github.run_id"
        }
      }
    ]
  },
  "execution": {
    "executionType": "nodeJS",
    "hasPre": false,
    "hasPost": false,
    "script": "dist/index.js",
    "pre": null,
    "post": null,
    "nodeVersion": "node20",
    "cleanupCondition": "always()",
    "initCondition": "always()"
  },
  "deprecated": null
}
[2026-03-27 03:07:40Z INFO ActionManager] Action pre node.js file: N/A.
[2026-03-27 03:07:40Z INFO ActionManager] Action node.js file: dist/index.js.
[2026-03-27 03:07:40Z INFO ActionManager] Action post node.js file: N/A.
[2026-03-27 03:07:40Z INFO JobExtension] Adding .
[2026-03-27 03:07:40Z INFO JobExtension] Adding .
[2026-03-27 03:07:40Z INFO JobExtension] Adding .
[2026-03-27 03:07:40Z INFO HostContext] Well known directory 'Bin': 'D:\Users\GABRIEL PEÑA\source\repos\Tarea11\actions-runner\bin'
[2026-03-27 03:07:40Z INFO HostContext] Well known directory 'Root': 'D:\Users\GABRIEL PEÑA\source\repos\Tarea11\actions-runner'
[2026-03-27 03:07:40Z INFO HostContext] Well known directory 'Diag': 'D:\Users\GABRIEL PEÑA\source\repos\Tarea11\actions-runner\_diag'
[2026-03-27 03:07:40Z INFO HostContext] Well known directory 'Bin': 'D:\Users\GABRIEL PEÑA\source\repos\Tarea11\actions-runner\bin'
[2026-03-27 03:07:40Z INFO HostContext] Well known directory 'Root': 'D:\Users\GABRIEL PEÑA\source\repos\Tarea11\actions-runner'
[2026-03-27 03:07:40Z INFO HostContext] Well known directory 'Diag': 'D:\Users\GABRIEL PEÑA\source\repos\Tarea11\actions-runner\_diag'
[2026-03-27 03:07:40Z INFO HostContext] Well known directory 'Bin': 'D:\Users\GABRIEL PEÑA\source\repos\Tarea11\actions-runner\bin'
[2026-03-27 03:07:40Z INFO HostContext] Well known directory 'Root': 'D:\Users\GABRIEL PEÑA\source\repos\Tarea11\actions-runner'
[2026-03-27 03:07:40Z INFO HostContext] Well known directory 'Diag': 'D:\Users\GABRIEL PEÑA\source\repos\Tarea11\actions-runner\_diag'
[2026-03-27 03:07:40Z INFO HostContext] Well known directory 'Bin': 'D:\Users\GABRIEL PEÑA\source\repos\Tarea11\actions-runner\bin'
[2026-03-27 03:07:40Z INFO HostContext] Well known directory 'Root': 'D:\Users\GABRIEL PEÑA\source\repos\Tarea11\actions-runner'
[2026-03-27 03:07:40Z INFO HostContext] Well known directory 'Diag': 'D:\Users\GABRIEL PEÑA\source\repos\Tarea11\actions-runner\_diag'
[2026-03-27 03:07:40Z INFO HostContext] Well known directory 'Bin': 'D:\Users\GABRIEL PEÑA\source\repos\Tarea11\actions-runner\bin'
[2026-03-27 03:07:40Z INFO HostContext] Well known directory 'Root': 'D:\Users\GABRIEL PEÑA\source\repos\Tarea11\actions-runner'
[2026-03-27 03:07:40Z INFO HostContext] Well known directory 'Diag': 'D:\Users\GABRIEL PEÑA\source\repos\Tarea11\actions-runner\_diag'
[2026-03-27 03:07:40Z INFO HostContext] Well known directory 'Bin': 'D:\Users\GABRIEL PEÑA\source\repos\Tarea11\actions-runner\bin'
[2026-03-27 03:07:40Z INFO HostContext] Well known directory 'Root': 'D:\Users\GABRIEL PEÑA\source\repos\Tarea11\actions-runner'
[2026-03-27 03:07:40Z INFO HostContext] Well known directory 'Diag': 'D:\Users\GABRIEL PEÑA\source\repos\Tarea11\actions-runner\_diag'
[2026-03-27 03:07:40Z INFO JobExtension] Total accessible running process: 273.
[2026-03-27 03:07:40Z INFO HostContext] Well known directory 'Bin': 'D:\Users\GABRIEL PEÑA\source\repos\Tarea11\actions-runner\bin'
[2026-03-27 03:07:40Z INFO HostContext] Well known directory 'Root': 'D:\Users\GABRIEL PEÑA\source\repos\Tarea11\actions-runner'
[2026-03-27 03:07:40Z INFO HostContext] Well known directory 'Work': 'D:\Users\GABRIEL PEÑA\source\repos\Tarea11\actions-runner\_work'
[2026-03-27 03:07:40Z INFO JobExtension] Start checking server connectivity.
[2026-03-27 03:07:40Z INFO JobExtension] Check server connectivity for https://broker.actions.githubusercontent.com/health.
[2026-03-27 03:07:40Z INFO JobExtension] Check server connectivity for https://token.actions.githubusercontent.com/ready.
[2026-03-27 03:07:40Z INFO JobExtension] Check server connectivity for https://run.actions.githubusercontent.com/health.
[2026-03-27 03:07:40Z INFO JobExtension] Start checking service connectivity in background.
[2026-03-27 03:07:40Z INFO ExecutionContext] Publish step telemetry for current step {
  "action": "setup_job",
  "type": "runner",
  "stage": "Pre",
  "stepId": "c47f0913-2c49-4cad-b08f-206d5bb32890",
  "result": "succeeded",
  "errorMessages": [],
  "executionTimeInSeconds": 5,
  "startTime": "2026-03-27T03:07:35.8618564Z",
  "finishTime": "2026-03-27T03:07:40.3425983Z"
}.
[2026-03-27 03:07:40Z INFO JobRunner] Total job steps: 3.
[2026-03-27 03:07:40Z INFO JobRunner] Run all job steps.
[2026-03-27 03:07:40Z INFO StepsRunner] Processing step: DisplayName='📥 Download artifact'
[2026-03-27 03:07:40Z INFO StepsRunner] Evaluating: success()
[2026-03-27 03:07:40Z INFO StepsRunner] Result: true
[2026-03-27 03:07:40Z INFO StepsRunner] Starting the step.
[2026-03-27 03:07:40Z INFO HostContext] Well known directory 'Bin': 'D:\Users\GABRIEL PEÑA\source\repos\Tarea11\actions-runner\bin'
[2026-03-27 03:07:40Z INFO HostContext] Well known directory 'Root': 'D:\Users\GABRIEL PEÑA\source\repos\Tarea11\actions-runner'
[2026-03-27 03:07:40Z INFO HostContext] Well known directory 'Work': 'D:\Users\GABRIEL PEÑA\source\repos\Tarea11\actions-runner\_work'
[2026-03-27 03:07:40Z INFO StepsRunner] Which2: 'chcp'
[2026-03-27 03:07:40Z INFO StepsRunner] Location: 'C:\WINDOWS\system32\chcp.COM'
[2026-03-27 03:07:40Z INFO ProcessInvokerWrapper] Starting process:
[2026-03-27 03:07:40Z INFO ProcessInvokerWrapper]   File name: 'C:\WINDOWS\system32\chcp.COM'
[2026-03-27 03:07:40Z INFO ProcessInvokerWrapper]   Arguments: '65001'
[2026-03-27 03:07:40Z INFO ProcessInvokerWrapper]   Working directory: 'D:\Users\GABRIEL PEÑA\source\repos\Tarea11\actions-runner\_work'
[2026-03-27 03:07:40Z INFO ProcessInvokerWrapper]   Require exit code zero: 'False'
[2026-03-27 03:07:40Z INFO ProcessInvokerWrapper]   Encoding web name:  ; code page: ''
[2026-03-27 03:07:40Z INFO ProcessInvokerWrapper]   Force kill process on cancellation: 'False'
[2026-03-27 03:07:40Z INFO ProcessInvokerWrapper]   Redirected STDIN: 'False'
[2026-03-27 03:07:40Z INFO ProcessInvokerWrapper]   Persist current code page: 'True'
[2026-03-27 03:07:40Z INFO ProcessInvokerWrapper]   Keep redirected STDIN open: 'False'
[2026-03-27 03:07:40Z INFO ProcessInvokerWrapper]   High priority process: 'False'
[2026-03-27 03:07:40Z INFO ProcessInvokerWrapper] Process started with process id 22184, waiting for process exit.
[2026-03-27 03:07:40Z INFO ProcessInvokerWrapper] STDOUT/STDERR stream read finished.
[2026-03-27 03:07:40Z INFO ProcessInvokerWrapper] STDOUT/STDERR stream read finished.
[2026-03-27 03:07:40Z INFO ProcessInvokerWrapper] Finished process 22184 with exit code 0, and elapsed time 00:00:00.0254802.
[2026-03-27 03:07:40Z INFO StepsRunner] Successfully returned to code page 65001 (UTF8)
[2026-03-27 03:07:40Z INFO HostContext] Well known directory 'Bin': 'D:\Users\GABRIEL PEÑA\source\repos\Tarea11\actions-runner\bin'
[2026-03-27 03:07:40Z INFO HostContext] Well known directory 'Root': 'D:\Users\GABRIEL PEÑA\source\repos\Tarea11\actions-runner'
[2026-03-27 03:07:40Z INFO HostContext] Well known directory 'Work': 'D:\Users\GABRIEL PEÑA\source\repos\Tarea11\actions-runner\_work'
[2026-03-27 03:07:40Z INFO HostContext] Well known directory 'Actions': 'D:\Users\GABRIEL PEÑA\source\repos\Tarea11\actions-runner\_work\_actions'
[2026-03-27 03:07:40Z INFO ActionManager] Load action that reference repository from 'D:\Users\GABRIEL PEÑA\source\repos\Tarea11\actions-runner\_work\_actions\actions\download-artifact\v4'
[2026-03-27 03:07:40Z INFO HostContext] Well known directory 'Bin': 'D:\Users\GABRIEL PEÑA\source\repos\Tarea11\actions-runner\bin'
[2026-03-27 03:07:40Z INFO HostContext] Well known directory 'Root': 'D:\Users\GABRIEL PEÑA\source\repos\Tarea11\actions-runner'
[2026-03-27 03:07:40Z INFO HostContext] Well known directory 'Work': 'D:\Users\GABRIEL PEÑA\source\repos\Tarea11\actions-runner\_work'
[2026-03-27 03:07:40Z INFO HostContext] Well known directory 'Actions': 'D:\Users\GABRIEL PEÑA\source\repos\Tarea11\actions-runner\_work\_actions'
[2026-03-27 03:07:40Z INFO ActionManifestManagerLegacy] Ignore action property author.
[2026-03-27 03:07:40Z INFO ActionManifestManagerLegacy] Loaded action.yml file: {
  "name": "Download a Build Artifact",
  "description": "Download a build artifact that was previously uploaded in the workflow by the upload-artifact action",
  "inputs": {
    "type": 2,
    "map": [
      {
        "key": {
          "type": 0,
          "file": 2,
          "line": 5,
          "col": 3,
          "lit": "name"
        },
        "value": ""
      },
      {
        "key": {
          "type": 0,
          "file": 2,
          "line": 8,
          "col": 3,
          "lit": "artifact-ids"
        },
        "value": ""
      },
      {
        "key": {
          "type": 0,
          "file": 2,
          "line": 11,
          "col": 3,
          "lit": "path"
        },
        "value": ""
      },
      {
        "key": {
          "type": 0,
          "file": 2,
          "line": 14,
          "col": 3,
          "lit": "pattern"
        },
        "value": ""
      },
      {
        "key": {
          "type": 0,
          "file": 2,
          "line": 17,
          "col": 3,
          "lit": "merge-multiple"
        },
        "value": {
          "type": 0,
          "file": 2,
          "line": 22,
          "col": 14,
          "lit": "false"
        }
      },
      {
        "key": {
          "type": 0,
          "file": 2,
          "line": 23,
          "col": 3,
          "lit": "github-token"
        },
        "value": ""
      },
      {
        "key": {
          "type": 0,
          "file": 2,
          "line": 28,
          "col": 3,
          "lit": "repository"
        },
        "value": {
          "type": 3,
          "file": 2,
          "line": 32,
          "col": 14,
          "expr": "github.repository"
        }
      },
      {
        "key": {
          "type": 0,
          "file": 2,
          "line": 33,
          "col": 3,
          "lit": "run-id"
        },
        "value": {
          "type": 3,
          "file": 2,
          "line": 37,
          "col": 14,
          "expr": "github.run_id"
        }
      }
    ]
  },
  "execution": {
    "executionType": "nodeJS",
    "hasPre": false,
    "hasPost": false,
    "script": "dist/index.js",
    "pre": null,
    "post": null,
    "nodeVersion": "node20",
    "cleanupCondition": "always()",
    "initCondition": "always()"
  },
  "deprecated": null
}
[2026-03-27 03:07:40Z INFO ActionManager] Action pre node.js file: N/A.
[2026-03-27 03:07:40Z INFO ActionManager] Action node.js file: dist/index.js.
[2026-03-27 03:07:40Z INFO ActionManager] Action post node.js file: N/A.
[2026-03-27 03:07:40Z INFO HostContext] Well known directory 'Bin': 'D:\Users\GABRIEL PEÑA\source\repos\Tarea11\actions-runner\bin'
[2026-03-27 03:07:40Z INFO HostContext] Well known directory 'Root': 'D:\Users\GABRIEL PEÑA\source\repos\Tarea11\actions-runner'
[2026-03-27 03:07:40Z INFO HostContext] Well known directory 'Work': 'D:\Users\GABRIEL PEÑA\source\repos\Tarea11\actions-runner\_work'
[2026-03-27 03:07:40Z INFO HostContext] Well known directory 'Temp': 'D:\Users\GABRIEL PEÑA\source\repos\Tarea11\actions-runner\_work\_temp'
[2026-03-27 03:07:40Z INFO ExecutionContext] Write event payload to D:\Users\GABRIEL PEÑA\source\repos\Tarea11\actions-runner\_work\_temp\_github_workflow\event.json
[2026-03-27 03:07:40Z INFO HostContext] Well known directory 'Bin': 'D:\Users\GABRIEL PEÑA\source\repos\Tarea11\actions-runner\bin'
[2026-03-27 03:07:40Z INFO HostContext] Well known directory 'Root': 'D:\Users\GABRIEL PEÑA\source\repos\Tarea11\actions-runner'
[2026-03-27 03:07:40Z INFO HostContext] Well known directory 'Work': 'D:\Users\GABRIEL PEÑA\source\repos\Tarea11\actions-runner\_work'
[2026-03-27 03:07:40Z INFO HostContext] Well known directory 'Temp': 'D:\Users\GABRIEL PEÑA\source\repos\Tarea11\actions-runner\_work\_temp'
[2026-03-27 03:07:40Z INFO JobServerQueue] Try to append 1 batches web console lines for record 'c47f0913-2c49-4cad-b08f-206d5bb32890', success rate: 1/1.
[2026-03-27 03:07:40Z INFO ExtensionManager] Getting extensions for interface: 'GitHub.Runner.Worker.IFileCommandExtension'
[2026-03-27 03:07:40Z INFO ExtensionManager] Creating instance: GitHub.Runner.Worker.AddPathFileCommand, Runner.Worker
[2026-03-27 03:07:40Z INFO ExtensionManager] Creating instance: GitHub.Runner.Worker.SetEnvFileCommand, Runner.Worker
[2026-03-27 03:07:40Z INFO ExtensionManager] Creating instance: GitHub.Runner.Worker.CreateStepSummaryCommand, Runner.Worker
[2026-03-27 03:07:40Z INFO ExtensionManager] Creating instance: GitHub.Runner.Worker.SaveStateFileCommand, Runner.Worker
[2026-03-27 03:07:40Z INFO ExtensionManager] Creating instance: GitHub.Runner.Worker.SetOutputFileCommand, Runner.Worker
[2026-03-27 03:07:40Z INFO ActionManifestManagerLegacy] Input 'artifact-ids': default value evaluate result: ""
[2026-03-27 03:07:40Z INFO ActionManifestManagerLegacy] Input 'path': default value evaluate result: ""
[2026-03-27 03:07:40Z INFO ActionManifestManagerLegacy] Input 'pattern': default value evaluate result: ""
[2026-03-27 03:07:40Z INFO ActionManifestManagerLegacy] Input 'merge-multiple': default value evaluate result: {
  "type": 0,
  "file": 2,
  "line": 22,
  "col": 14,
  "lit": "false"
}
[2026-03-27 03:07:40Z INFO ActionManifestManagerLegacy] Input 'github-token': default value evaluate result: ""
[2026-03-27 03:07:40Z INFO ActionManifestManagerLegacy] Input 'repository': default value evaluate result: {
  "type": 0,
  "file": 2,
  "line": 32,
  "col": 14,
  "lit": "gpena52/CI-CD"
}
[2026-03-27 03:07:40Z INFO ActionManifestManagerLegacy] Input 'run-id': default value evaluate result: {
  "type": 0,
  "file": 2,
  "line": 37,
  "col": 14,
  "lit": "23629191565"
}
[2026-03-27 03:07:40Z INFO ExtensionManager] Getting extensions for interface: 'GitHub.Runner.Worker.IActionCommandExtension'
[2026-03-27 03:07:40Z INFO ExtensionManager] Creating instance: GitHub.Runner.Worker.InternalPluginSetRepoPathCommandExtension, Runner.Worker
[2026-03-27 03:07:40Z INFO ExtensionManager] Creating instance: GitHub.Runner.Worker.SetEnvCommandExtension, Runner.Worker
[2026-03-27 03:07:40Z INFO ExtensionManager] Creating instance: GitHub.Runner.Worker.SetOutputCommandExtension, Runner.Worker
[2026-03-27 03:07:40Z INFO ExtensionManager] Creating instance: GitHub.Runner.Worker.SaveStateCommandExtension, Runner.Worker
[2026-03-27 03:07:40Z INFO ExtensionManager] Creating instance: GitHub.Runner.Worker.AddPathCommandExtension, Runner.Worker
[2026-03-27 03:07:40Z INFO ExtensionManager] Creating instance: GitHub.Runner.Worker.AddMaskCommandExtension, Runner.Worker
[2026-03-27 03:07:40Z INFO ExtensionManager] Creating instance: GitHub.Runner.Worker.AddMatcherCommandExtension, Runner.Worker
[2026-03-27 03:07:40Z INFO ExtensionManager] Creating instance: GitHub.Runner.Worker.RemoveMatcherCommandExtension, Runner.Worker
[2026-03-27 03:07:40Z INFO ExtensionManager] Creating instance: GitHub.Runner.Worker.WarningCommandExtension, Runner.Worker
[2026-03-27 03:07:40Z INFO ExtensionManager] Creating instance: GitHub.Runner.Worker.ErrorCommandExtension, Runner.Worker
[2026-03-27 03:07:40Z INFO ExtensionManager] Creating instance: GitHub.Runner.Worker.NoticeCommandExtension, Runner.Worker
[2026-03-27 03:07:40Z INFO ExtensionManager] Creating instance: GitHub.Runner.Worker.DebugCommandExtension, Runner.Worker
[2026-03-27 03:07:40Z INFO ExtensionManager] Creating instance: GitHub.Runner.Worker.GroupCommandExtension, Runner.Worker
[2026-03-27 03:07:40Z INFO ExtensionManager] Creating instance: GitHub.Runner.Worker.EndGroupCommandExtension, Runner.Worker
[2026-03-27 03:07:40Z INFO ExtensionManager] Creating instance: GitHub.Runner.Worker.EchoCommandExtension, Runner.Worker
[2026-03-27 03:07:40Z INFO ActionCommandManager] Register action command extension for command internal-set-repo-path
[2026-03-27 03:07:40Z INFO ActionCommandManager] Register action command extension for command set-env
[2026-03-27 03:07:40Z INFO ActionCommandManager] Register action command extension for command set-output
[2026-03-27 03:07:40Z INFO ActionCommandManager] Register action command extension for command save-state
[2026-03-27 03:07:40Z INFO ActionCommandManager] Register action command extension for command add-path
[2026-03-27 03:07:40Z INFO ActionCommandManager] Register action command extension for command add-mask
[2026-03-27 03:07:40Z INFO ActionCommandManager] Register action command extension for command add-matcher
[2026-03-27 03:07:40Z INFO ActionCommandManager] Register action command extension for command remove-matcher
[2026-03-27 03:07:40Z INFO ActionCommandManager] Register action command extension for command warning
[2026-03-27 03:07:40Z INFO ActionCommandManager] Register action command extension for command error
[2026-03-27 03:07:40Z INFO ActionCommandManager] Register action command extension for command notice
[2026-03-27 03:07:40Z INFO ActionCommandManager] Register action command extension for command debug
[2026-03-27 03:07:40Z INFO ActionCommandManager] Register action command extension for command group
[2026-03-27 03:07:40Z INFO ActionCommandManager] Register action command extension for command endgroup
[2026-03-27 03:07:40Z INFO ActionCommandManager] Register action command extension for command echo
[2026-03-27 03:07:40Z INFO HostContext] Well known directory 'Bin': 'D:\Users\GABRIEL PEÑA\source\repos\Tarea11\actions-runner\bin'
[2026-03-27 03:07:40Z INFO HostContext] Well known directory 'Root': 'D:\Users\GABRIEL PEÑA\source\repos\Tarea11\actions-runner'
[2026-03-27 03:07:40Z INFO HostContext] Well known directory 'Externals': 'D:\Users\GABRIEL PEÑA\source\repos\Tarea11\actions-runner\externals'
[2026-03-27 03:07:40Z INFO ProcessInvokerWrapper] Starting process:
[2026-03-27 03:07:40Z INFO ProcessInvokerWrapper]   File name: 'D:\Users\GABRIEL PEÑA\source\repos\Tarea11\actions-runner\externals\node20\bin\node.exe'
[2026-03-27 03:07:40Z INFO ProcessInvokerWrapper]   Arguments: '"D:\Users\GABRIEL PEÑA\source\repos\Tarea11\actions-runner\_work\_actions\actions\download-artifact\v4\dist/index.js"'
[2026-03-27 03:07:40Z INFO ProcessInvokerWrapper]   Working directory: 'D:\Users\GABRIEL PEÑA\source\repos\Tarea11\actions-runner\_work\CI-CD\CI-CD'
[2026-03-27 03:07:40Z INFO ProcessInvokerWrapper]   Require exit code zero: 'False'
[2026-03-27 03:07:40Z INFO ProcessInvokerWrapper]   Encoding web name: utf-8 ; code page: '65001'
[2026-03-27 03:07:40Z INFO ProcessInvokerWrapper]   Force kill process on cancellation: 'False'
[2026-03-27 03:07:40Z INFO ProcessInvokerWrapper]   Redirected STDIN: 'False'
[2026-03-27 03:07:40Z INFO ProcessInvokerWrapper]   Persist current code page: 'True'
[2026-03-27 03:07:40Z INFO ProcessInvokerWrapper]   Keep redirected STDIN open: 'False'
[2026-03-27 03:07:40Z INFO ProcessInvokerWrapper]   High priority process: 'False'
[2026-03-27 03:07:40Z INFO ProcessInvokerWrapper] Process started with process id 8864, waiting for process exit.
[2026-03-27 03:07:40Z INFO JobServerQueue] Try to append 1 batches web console lines for record '22780cd3-5ced-47be-acd9-64c22a85d532', success rate: 1/1.
[2026-03-27 03:07:40Z INFO JobServerQueue] Got a step log file to send to results service.
[2026-03-27 03:07:40Z INFO JobServerQueue] Starting upload of step log file to results service ResultsLog, D:\Users\GABRIEL PEÑA\source\repos\Tarea11\actions-runner\_diag\blocks\953c3f4c-ed81-4201-a602-2970f52afebb_c47f0913-2c49-4cad-b08f-206d5bb32890.1
[2026-03-27 03:07:40Z INFO JobServerQueue] Try to upload 1 log files or attachments, success rate: 1/1.
[2026-03-27 03:07:41Z INFO JobServerQueue] Tried to upload 1 file(s) to results, success rate: 1/1.
[2026-03-27 03:07:41Z INFO JobServerQueue] Try to append 1 batches web console lines for record '22780cd3-5ced-47be-acd9-64c22a85d532', success rate: 1/1.
[2026-03-27 03:07:41Z INFO JobServerQueue] Try to append 1 batches web console lines for record '22780cd3-5ced-47be-acd9-64c22a85d532', success rate: 1/1.
[2026-03-27 03:07:42Z INFO AddMaskCommandExtension] Add new secret mask with length of 44
[2026-03-27 03:07:42Z INFO AddMaskCommandExtension] Add new secret mask with length of 50
[2026-03-27 03:07:42Z INFO JobServerQueue] Try to append 1 batches web console lines for record '22780cd3-5ced-47be-acd9-64c22a85d532', success rate: 1/1.
[2026-03-27 03:07:42Z INFO JobServerQueue] Try to append 1 batches web console lines for record '22780cd3-5ced-47be-acd9-64c22a85d532', success rate: 1/1.
[2026-03-27 03:07:50Z INFO HostContext] Well known directory 'Bin': 'D:\Users\GABRIEL PEÑA\source\repos\Tarea11\actions-runner\bin'
[2026-03-27 03:07:50Z INFO HostContext] Well known directory 'Root': 'D:\Users\GABRIEL PEÑA\source\repos\Tarea11\actions-runner'
[2026-03-27 03:07:50Z INFO HostContext] Well known directory 'Work': 'D:\Users\GABRIEL PEÑA\source\repos\Tarea11\actions-runner\_work'
[2026-03-27 03:08:00Z INFO HostContext] Well known directory 'Bin': 'D:\Users\GABRIEL PEÑA\source\repos\Tarea11\actions-runner\bin'
[2026-03-27 03:08:00Z INFO HostContext] Well known directory 'Root': 'D:\Users\GABRIEL PEÑA\source\repos\Tarea11\actions-runner'
[2026-03-27 03:08:00Z INFO HostContext] Well known directory 'Work': 'D:\Users\GABRIEL PEÑA\source\repos\Tarea11\actions-runner\_work'
[2026-03-27 03:08:08Z INFO JobServerQueue] Try to append 1 batches web console lines for record '22780cd3-5ced-47be-acd9-64c22a85d532', success rate: 1/1.
[2026-03-27 03:08:10Z INFO HostContext] Well known directory 'Bin': 'D:\Users\GABRIEL PEÑA\source\repos\Tarea11\actions-runner\bin'
[2026-03-27 03:08:10Z INFO HostContext] Well known directory 'Root': 'D:\Users\GABRIEL PEÑA\source\repos\Tarea11\actions-runner'
[2026-03-27 03:08:10Z INFO HostContext] Well known directory 'Work': 'D:\Users\GABRIEL PEÑA\source\repos\Tarea11\actions-runner\_work'
[2026-03-27 03:08:20Z INFO HostContext] Well known directory 'Bin': 'D:\Users\GABRIEL PEÑA\source\repos\Tarea11\actions-runner\bin'
[2026-03-27 03:08:20Z INFO HostContext] Well known directory 'Root': 'D:\Users\GABRIEL PEÑA\source\repos\Tarea11\actions-runner'
[2026-03-27 03:08:20Z INFO HostContext] Well known directory 'Work': 'D:\Users\GABRIEL PEÑA\source\repos\Tarea11\actions-runner\_work'
[2026-03-27 03:08:30Z INFO HostContext] Well known directory 'Bin': 'D:\Users\GABRIEL PEÑA\source\repos\Tarea11\actions-runner\bin'
[2026-03-27 03:08:30Z INFO HostContext] Well known directory 'Root': 'D:\Users\GABRIEL PEÑA\source\repos\Tarea11\actions-runner'
[2026-03-27 03:08:30Z INFO HostContext] Well known directory 'Work': 'D:\Users\GABRIEL PEÑA\source\repos\Tarea11\actions-runner\_work'
[2026-03-27 03:08:34Z INFO ProcessInvokerWrapper] STDOUT/STDERR stream read finished.
[2026-03-27 03:08:34Z INFO ProcessInvokerWrapper] STDOUT/STDERR stream read finished.
[2026-03-27 03:08:34Z INFO ProcessInvokerWrapper] Finished process 8864 with exit code 1, and elapsed time 00:00:53.5566579.
[2026-03-27 03:08:34Z INFO CreateStepSummaryCommand] Step Summary file (D:\Users\GABRIEL PEÑA\source\repos\Tarea11\actions-runner\_work\_temp\_runner_file_commands\step_summary_95f5ba0d-85c2-43cc-a6d8-fc3258488969) is empty; skipping attachment upload
[2026-03-27 03:08:34Z INFO StepsRunner] Step result: Failed
[2026-03-27 03:08:34Z INFO ExecutionContext] Publish step telemetry for current step {
  "action": "actions/download-artifact",
  "ref": "v4",
  "type": "node20",
  "stage": "Main",
  "stepId": "22780cd3-5ced-47be-acd9-64c22a85d532",
  "stepContextName": "__actions_download-artifact",
  "hasPreStep": false,
  "hasPostStep": false,
  "result": "failed",
  "errorMessages": [
    "Unable to download artifact(s): Unable to download and extract artifact: Artifact download failed after 5 retries."
  ],
  "executionTimeInSeconds": 54,
  "startTime": "2026-03-27T03:07:40.3589388Z",
  "finishTime": "2026-03-27T03:08:34.0347317Z"
}.
[2026-03-27 03:08:34Z INFO StepsRunner] Update job result with current step result 'Failed'.
[2026-03-27 03:08:34Z INFO StepsRunner] Current state: job state = 'Failed'
[2026-03-27 03:08:34Z INFO StepsRunner] Processing step: DisplayName='🚀 Deploy local'
[2026-03-27 03:08:34Z INFO StepsRunner] Evaluating: success()
[2026-03-27 03:08:34Z INFO StepsRunner] Result: false
[2026-03-27 03:08:34Z INFO StepsRunner] Skipping step due to condition evaluation.
[2026-03-27 03:08:34Z INFO StepsRunner] No need for updating job result with current step result 'Skipped'.
[2026-03-27 03:08:34Z INFO StepsRunner] Current state: job state = 'Failed'
[2026-03-27 03:08:34Z INFO StepsRunner] Processing step: DisplayName='🔄 Restart app (Linux)'
[2026-03-27 03:08:34Z INFO StepsRunner] Evaluating: success()
[2026-03-27 03:08:34Z INFO StepsRunner] Result: false
[2026-03-27 03:08:34Z INFO StepsRunner] Skipping step due to condition evaluation.
[2026-03-27 03:08:34Z INFO StepsRunner] No need for updating job result with current step result 'Skipped'.
[2026-03-27 03:08:34Z INFO StepsRunner] Current state: job state = 'Failed'
[2026-03-27 03:08:34Z INFO JobRunner] Finalize job.
[2026-03-27 03:08:34Z INFO HostContext] Well known directory 'Bin': 'D:\Users\GABRIEL PEÑA\source\repos\Tarea11\actions-runner\bin'
[2026-03-27 03:08:34Z INFO HostContext] Well known directory 'Root': 'D:\Users\GABRIEL PEÑA\source\repos\Tarea11\actions-runner'
[2026-03-27 03:08:34Z INFO HostContext] Well known directory 'Diag': 'D:\Users\GABRIEL PEÑA\source\repos\Tarea11\actions-runner\_diag'
[2026-03-27 03:08:34Z INFO HostContext] Well known directory 'Bin': 'D:\Users\GABRIEL PEÑA\source\repos\Tarea11\actions-runner\bin'
[2026-03-27 03:08:34Z INFO HostContext] Well known directory 'Root': 'D:\Users\GABRIEL PEÑA\source\repos\Tarea11\actions-runner'
[2026-03-27 03:08:34Z INFO HostContext] Well known directory 'Diag': 'D:\Users\GABRIEL PEÑA\source\repos\Tarea11\actions-runner\_diag'
[2026-03-27 03:08:34Z INFO JobExtension] Initialize Env context
[2026-03-27 03:08:34Z INFO JobExtension] Initialize steps context
[2026-03-27 03:08:34Z INFO JobExtension] Total accessible running process: 273.
[2026-03-27 03:08:34Z INFO JobExtension] Wait for all connectivity checks to finish.
[2026-03-27 03:08:34Z INFO JobExtension] Connectivity check result: GitHub.Runner.Worker.JobExtension+CheckResult
[2026-03-27 03:08:34Z INFO JobExtension] Connectivity check result: GitHub.Runner.Worker.JobExtension+CheckResult
[2026-03-27 03:08:34Z INFO JobExtension] Connectivity check result: GitHub.Runner.Worker.JobExtension+CheckResult
[2026-03-27 03:08:34Z INFO ExecutionContext] Publish step telemetry for current step {
  "action": "complete_job",
  "type": "runner",
  "stage": "Post",
  "stepId": "34158b53-0a24-450b-bdea-ad0ddb3c1548",
  "result": "succeeded",
  "errorMessages": [
    "Node.js 20 actions are deprecated. The following actions are running on Node.js 20 and may not work as expected: actions/download-artifact@v4. Actions will be forced to run with Node.js 24 by default starting June 2nd, 2026. Node.js 20 will be removed from"
  ],
  "executionTimeInSeconds": 1,
  "startTime": "2026-03-27T03:08:34.1368441Z",
  "finishTime": "2026-03-27T03:08:34.1547683Z"
}.
[2026-03-27 03:08:34Z INFO JobRunner] Job result after all job steps finish: Failed
[2026-03-27 03:08:34Z INFO JobRunner] Completing the job execution context.
[2026-03-27 03:08:34Z INFO JobRunner] Shutting down the job server queue.
[2026-03-27 03:08:34Z INFO JobServerQueue] Fire signal to shutdown all queues.
[2026-03-27 03:08:34Z INFO JobServerQueue] All queue process task stopped.
[2026-03-27 03:08:34Z INFO JobServerQueue] Try to append 1 batches web console lines for record '34158b53-0a24-450b-bdea-ad0ddb3c1548', success rate: 1/1.
[2026-03-27 03:08:34Z INFO JobServerQueue] Web console line queue drained.
[2026-03-27 03:08:34Z INFO JobServerQueue] Uploading 3 files in one shot.
[2026-03-27 03:08:34Z INFO JobServerQueue] Try to upload 3 log files or attachments, success rate: 3/3.
[2026-03-27 03:08:34Z INFO JobServerQueue] File upload queue drained.
[2026-03-27 03:08:34Z INFO JobServerQueue] Starting results-based upload queue...
[2026-03-27 03:08:34Z INFO JobServerQueue] Uploading 3 file(s) in one shot through results service.
[2026-03-27 03:08:34Z INFO JobServerQueue] Got a step log file to send to results service.
[2026-03-27 03:08:34Z INFO JobServerQueue] Starting upload of step log file to results service ResultsLog, D:\Users\GABRIEL PEÑA\source\repos\Tarea11\actions-runner\_diag\blocks\953c3f4c-ed81-4201-a602-2970f52afebb_22780cd3-5ced-47be-acd9-64c22a85d532.1
[2026-03-27 03:08:35Z INFO JobServerQueue] Got a step log file to send to results service.
[2026-03-27 03:08:35Z INFO JobServerQueue] Starting upload of step log file to results service ResultsLog, D:\Users\GABRIEL PEÑA\source\repos\Tarea11\actions-runner\_diag\blocks\953c3f4c-ed81-4201-a602-2970f52afebb_34158b53-0a24-450b-bdea-ad0ddb3c1548.1
[2026-03-27 03:08:35Z INFO JobServerQueue] Got a job log file to send to results service.
[2026-03-27 03:08:35Z INFO JobServerQueue] Starting upload of job log file to results service ResultsLog, D:\Users\GABRIEL PEÑA\source\repos\Tarea11\actions-runner\_diag\blocks\953c3f4c-ed81-4201-a602-2970f52afebb_a3514b73-5976-50fa-a26d-ce6d05c00d06.1
[2026-03-27 03:08:35Z INFO JobServerQueue] Tried to upload 3 file(s) to results, success rate: 3/3.
[2026-03-27 03:08:35Z INFO JobServerQueue] Results upload queue drained.
[2026-03-27 03:08:35Z INFO JobServerQueue] Timeline update queue drained.
[2026-03-27 03:08:35Z INFO JobServerQueue] Disposing job server ...
[2026-03-27 03:08:35Z INFO JobServerQueue] Disposing results server ...
[2026-03-27 03:08:35Z INFO JobServerQueue] All queue process tasks have been stopped, and all queues are drained.
[2026-03-27 03:08:35Z INFO TempDirectoryManager] Cleaning runner temp folder: D:\Users\GABRIEL PEÑA\source\repos\Tarea11\actions-runner\_work\_temp
[2026-03-27 03:08:35Z INFO HostContext] Well known directory 'Bin': 'D:\Users\GABRIEL PEÑA\source\repos\Tarea11\actions-runner\bin'
[2026-03-27 03:08:35Z INFO HostContext] Well known directory 'Root': 'D:\Users\GABRIEL PEÑA\source\repos\Tarea11\actions-runner'
[2026-03-27 03:08:35Z INFO HostContext] Well known directory 'Diag': 'D:\Users\GABRIEL PEÑA\source\repos\Tarea11\actions-runner\_diag'
[2026-03-27 03:08:35Z INFO HostContext] Well known config file 'Telemetry': 'D:\Users\GABRIEL PEÑA\source\repos\Tarea11\actions-runner\_diag\.telemetry'
[2026-03-27 03:08:35Z INFO JobRunner] Raising job completed against run service
[2026-03-27 03:08:36Z INFO Worker] Job completed.
